This file contains any messages produced by compilers while
running configure, to aid debugging if configure makes a mistake.

It was created by sqlite configure 3.32.0, which was
generated by GNU Autoconf 2.69.  Invocation command line was

  $ ./configure 

## --------- ##
## Platform. ##
## --------- ##

hostname = kokkos-dev-2
uname -m = x86_64
uname -r = 3.10.0-957.5.1.el7.x86_64
uname -s = Linux
uname -v = #1 SMP Wed Dec 19 10:46:58 EST 2018

/usr/bin/uname -p = x86_64
/bin/uname -X     = unknown

/bin/arch              = x86_64
/usr/bin/arch -k       = unknown
/usr/convex/getsysinfo = unknown
/usr/bin/hostinfo      = unknown
/bin/machine           = unknown
/usr/bin/oslevel       = unknown
/bin/universe          = unknown

PATH: /home/projects/x86-64/cuda/10.1.168//bin
PATH: /home/dzpolia/src/spack/opt/spack/linux-rhel7-skylake_avx512/gcc-7.1.0/gdb-9.1-wfnqtbfx4kgp2p7vn6bgldknuxyhn4ub/bin
PATH: /home/dzpolia/src/spack/opt/spack/linux-rhel7-skylake_avx512/gcc-7.1.0/python-3.7.7-4oqilgtq22i5jffbokf3djli26n75mnu/bin
PATH: /home/dzpolia/src/spack/opt/spack/linux-rhel7-skylake_avx512/gcc-7.1.0/sqlite-3.30.1-r5gkhkbamfzy7fcoqui3qql2s5il7i45/bin
PATH: /home/dzpolia/src/spack/opt/spack/linux-rhel7-skylake_avx512/gcc-7.1.0/openssl-1.1.1g-jznrjdlzlm76ab5dsuwzeqyjzcqm7a3j/bin
PATH: /home/dzpolia/src/spack/opt/spack/linux-rhel7-skylake_avx512/gcc-7.1.0/gettext-0.20.1-a26ooevydb6fyi272zr2x7kqbcgqaxkr/bin
PATH: /home/dzpolia/src/spack/opt/spack/linux-rhel7-skylake_avx512/gcc-7.1.0/tar-1.32-74q2ei3ddb34f4wjnlpnwftnimq7sqcl/bin
PATH: /home/dzpolia/src/spack/opt/spack/linux-rhel7-skylake_avx512/gcc-7.1.0/libxml2-2.9.9-lcjl4ehac22juhjropetipp27cg4igu5/bin
PATH: /home/dzpolia/src/spack/opt/spack/linux-rhel7-skylake_avx512/gcc-7.1.0/xz-5.2.5-vgasciphsdezlaizhkn7l3uyvrjai6g7/bin
PATH: /home/dzpolia/src/spack/opt/spack/linux-rhel7-skylake_avx512/gcc-7.1.0/libiconv-1.16-lhgyqobdvlqbcjupq27zvwp467p5gm6i/bin
PATH: /home/dzpolia/src/spack/opt/spack/linux-rhel7-skylake_avx512/gcc-7.1.0/gdbm-1.18.1-wzdclwfbo2iqk2mbryopm7xmhezojduk/bin
PATH: /home/dzpolia/src/spack/opt/spack/linux-rhel7-skylake_avx512/gcc-7.1.0/readline-8.0-uti2vxhspagp2nwslwrcgecslwuxscxu/bin
PATH: /home/dzpolia/src/spack/opt/spack/linux-rhel7-skylake_avx512/gcc-7.1.0/ncurses-6.2-3pmrk7l73ibl6kaqksojjrpzunvvvzfe/bin
PATH: /home/dzpolia/src/spack/opt/spack/linux-rhel7-skylake_avx512/gcc-7.1.0/expat-2.2.9-xhhsasq3icf7gp2l5zudipo4ok7dpyl3/bin
PATH: /home/dzpolia/src/spack/opt/spack/linux-rhel7-skylake_avx512/gcc-7.1.0/bzip2-1.0.8-ymjtv66fqjva4ybfkzfbxykjv2scmygk/bin
PATH: /home/dzpolia/src/spack/opt/spack/linux-rhel7-skylake_avx512/gcc-7.1.0/neovim-0.3.4-2swvtheg3u7obyvr63rx4zzbkg6zb4yt/bin
PATH: /home/dzpolia/src/spack/opt/spack/linux-rhel7-skylake_avx512/gcc-7.1.0/lua-5.2.4-m4k3xu6wmznzn73xf4whlwwnh3paszai/bin
PATH: /home/dzpolia/src/spack/opt/spack/linux-rhel7-skylake_avx512/gcc-7.1.0/unzip-6.0-rhcka5j2ibmt5ssye3cg63yy2ysmdv42/bin
PATH: /home/dzpolia/src/spack/opt/spack/linux-rhel7-skylake_avx512/gcc-7.1.0/readline-8.0-45ieqdhmirkbpxxojfrubkoeqcpgng5s/bin
PATH: /home/dzpolia/src/spack/opt/spack/linux-rhel7-skylake_avx512/gcc-7.1.0/libvterm-681-63ime6l2usd6sronyy4mob77bpxot6ee/bin
PATH: /home/dzpolia/src/spack/opt/spack/linux-rhel7-skylake_avx512/gcc-7.1.0/ncurses-6.1-hifspum4dipmclvyvqvzxz3u2g33qr2q/bin
PATH: /home/dzpolia/src/spack/opt/spack/linux-rhel7-skylake_avx512/gcc-7.1.0/jemalloc-5.2.1-ncq2rb64nnmd7rumitylkn4ml6qe6ajl/bin
PATH: /home/dzpolia/src/spack/opt/spack/linux-rhel7-skylake_avx512/gcc-7.1.0/gperf-3.1-7kpjxonm4iavy7ma6ntowon5grgh6et2/bin
PATH: /home/dzpolia/src/spack/opt/spack/linux-rhel7-skylake_avx512/gcc-7.1.0/python-3.7.7-4oqilgtq22i5jffbokf3djli26n75mnu/bin
PATH: /home/dzpolia/src/spack/opt/spack/linux-rhel7-skylake_avx512/gcc-7.1.0/sqlite-3.30.1-r5gkhkbamfzy7fcoqui3qql2s5il7i45/bin
PATH: /home/dzpolia/src/spack/opt/spack/linux-rhel7-skylake_avx512/gcc-7.1.0/openssl-1.1.1g-jznrjdlzlm76ab5dsuwzeqyjzcqm7a3j/bin
PATH: /home/dzpolia/src/spack/opt/spack/linux-rhel7-skylake_avx512/gcc-7.1.0/gettext-0.20.1-a26ooevydb6fyi272zr2x7kqbcgqaxkr/bin
PATH: /home/dzpolia/src/spack/opt/spack/linux-rhel7-skylake_avx512/gcc-7.1.0/tar-1.32-74q2ei3ddb34f4wjnlpnwftnimq7sqcl/bin
PATH: /home/dzpolia/src/spack/opt/spack/linux-rhel7-skylake_avx512/gcc-7.1.0/libxml2-2.9.9-lcjl4ehac22juhjropetipp27cg4igu5/bin
PATH: /home/dzpolia/src/spack/opt/spack/linux-rhel7-skylake_avx512/gcc-7.1.0/xz-5.2.5-vgasciphsdezlaizhkn7l3uyvrjai6g7/bin
PATH: /home/dzpolia/src/spack/opt/spack/linux-rhel7-skylake_avx512/gcc-7.1.0/libiconv-1.16-lhgyqobdvlqbcjupq27zvwp467p5gm6i/bin
PATH: /home/dzpolia/src/spack/opt/spack/linux-rhel7-skylake_avx512/gcc-7.1.0/gdbm-1.18.1-wzdclwfbo2iqk2mbryopm7xmhezojduk/bin
PATH: /home/dzpolia/src/spack/opt/spack/linux-rhel7-skylake_avx512/gcc-7.1.0/readline-8.0-uti2vxhspagp2nwslwrcgecslwuxscxu/bin
PATH: /home/dzpolia/src/spack/opt/spack/linux-rhel7-skylake_avx512/gcc-7.1.0/ncurses-6.2-3pmrk7l73ibl6kaqksojjrpzunvvvzfe/bin
PATH: /home/dzpolia/src/spack/opt/spack/linux-rhel7-skylake_avx512/gcc-7.1.0/expat-2.2.9-xhhsasq3icf7gp2l5zudipo4ok7dpyl3/bin
PATH: /home/dzpolia/src/spack/opt/spack/linux-rhel7-skylake_avx512/gcc-7.1.0/bzip2-1.0.8-ymjtv66fqjva4ybfkzfbxykjv2scmygk/bin
PATH: /home/dzpolia/src/spack/opt/spack/linux-rhel7-skylake_avx512/gcc-7.1.0/cmake-3.17.1-bh54vtgrkhd4hundewwxtdsj24j46als/bin
PATH: /home/dzpolia/src/spack/opt/spack/linux-rhel7-skylake_avx512/gcc-7.1.0/openssl-1.1.1g-jznrjdlzlm76ab5dsuwzeqyjzcqm7a3j/bin
PATH: /home/dzpolia/src/spack/opt/spack/linux-rhel7-skylake_avx512/gcc-7.1.0/ncurses-6.2-3pmrk7l73ibl6kaqksojjrpzunvvvzfe/bin
PATH: /home/dzpolia/src/spack/opt/spack/linux-rhel7-haswell/gcc-4.8.5/gcc-7.1.0-pjn52tzlzdprge2h3oolbq4xyotkdhw5/bin
PATH: /home/dzpolia/src/spack/opt/spack/linux-rhel7-skylake_avx512/gcc-7.1.0/llvm-10.0.0-jzy7owx4zdqkp355rkrlesf5xvksn5vz/bin
PATH: /home/dzpolia/src/spack/opt/spack/linux-rhel7-skylake_avx512/gcc-7.1.0/z3-4.8.7-piejlucpd4waafkbxytqqplhn42yzbni/bin
PATH: /home/dzpolia/src/spack/opt/spack/linux-rhel7-skylake_avx512/gcc-7.1.0/python-3.7.7-4oqilgtq22i5jffbokf3djli26n75mnu/bin
PATH: /home/dzpolia/src/spack/opt/spack/linux-rhel7-skylake_avx512/gcc-7.1.0/sqlite-3.30.1-r5gkhkbamfzy7fcoqui3qql2s5il7i45/bin
PATH: /home/dzpolia/src/spack/opt/spack/linux-rhel7-skylake_avx512/gcc-7.1.0/openssl-1.1.1g-jznrjdlzlm76ab5dsuwzeqyjzcqm7a3j/bin
PATH: /home/dzpolia/src/spack/opt/spack/linux-rhel7-skylake_avx512/gcc-7.1.0/gdbm-1.18.1-wzdclwfbo2iqk2mbryopm7xmhezojduk/bin
PATH: /home/dzpolia/src/spack/opt/spack/linux-rhel7-skylake_avx512/gcc-7.1.0/readline-8.0-uti2vxhspagp2nwslwrcgecslwuxscxu/bin
PATH: /home/dzpolia/src/spack/opt/spack/linux-rhel7-skylake_avx512/gcc-7.1.0/expat-2.2.9-xhhsasq3icf7gp2l5zudipo4ok7dpyl3/bin
PATH: /home/dzpolia/src/spack/opt/spack/linux-rhel7-skylake_avx512/gcc-7.1.0/swig-4.0.1-rioks2qfsl4kci3xrk2halowuda35ae2/bin
PATH: /home/dzpolia/src/spack/opt/spack/linux-rhel7-skylake_avx512/gcc-7.1.0/pcre-8.43-dxnnzffyiixas5l6hrimiwjlks3cj4zy/bin
PATH: /home/dzpolia/src/spack/opt/spack/linux-rhel7-skylake_avx512/gcc-7.1.0/hwloc-2.1.0-mntt6ve3cy626wueueqg44wvusjxhq4g/bin
PATH: /home/dzpolia/src/spack/opt/spack/linux-rhel7-skylake_avx512/gcc-7.1.0/binutils-2.34-tyakqk6dwdx2nd5ybnmfpayrszna6yj5/bin
PATH: /home/dzpolia/src/spack/opt/spack/linux-rhel7-skylake_avx512/gcc-7.1.0/gettext-0.20.1-a26ooevydb6fyi272zr2x7kqbcgqaxkr/bin
PATH: /home/dzpolia/src/spack/opt/spack/linux-rhel7-skylake_avx512/gcc-7.1.0/tar-1.32-74q2ei3ddb34f4wjnlpnwftnimq7sqcl/bin
PATH: /home/dzpolia/src/spack/opt/spack/linux-rhel7-skylake_avx512/gcc-7.1.0/ncurses-6.2-3pmrk7l73ibl6kaqksojjrpzunvvvzfe/bin
PATH: /home/dzpolia/src/spack/opt/spack/linux-rhel7-skylake_avx512/gcc-7.1.0/libxml2-2.9.9-lcjl4ehac22juhjropetipp27cg4igu5/bin
PATH: /home/dzpolia/src/spack/opt/spack/linux-rhel7-skylake_avx512/gcc-7.1.0/xz-5.2.5-vgasciphsdezlaizhkn7l3uyvrjai6g7/bin
PATH: /home/dzpolia/src/spack/opt/spack/linux-rhel7-skylake_avx512/gcc-7.1.0/libiconv-1.16-lhgyqobdvlqbcjupq27zvwp467p5gm6i/bin
PATH: /home/dzpolia/src/spack/opt/spack/linux-rhel7-skylake_avx512/gcc-7.1.0/bzip2-1.0.8-ymjtv66fqjva4ybfkzfbxykjv2scmygk/bin
PATH: /ascldap/users/dzpolia/src/spack/bin
PATH: /usr/lib64/qt-3.3/bin
PATH: /ascldap/users/dzpolia/perl5/bin
PATH: /usr/local/bin
PATH: /usr/bin
PATH: /usr/local/sbin
PATH: /usr/sbin
PATH: /ascldap/users/dzpolia/.local/bin
PATH: /ascldap/users/dzpolia/bin


## ----------- ##
## Core tests. ##
## ----------- ##

configure:2351: checking for a BSD-compatible install
configure:2419: result: /usr/bin/install -c
configure:2430: checking whether build environment is sane
configure:2485: result: yes
configure:2636: checking for a thread-safe mkdir -p
configure:2675: result: /usr/bin/mkdir -p
configure:2682: checking for gawk
configure:2698: found /usr/bin/gawk
configure:2709: result: gawk
configure:2720: checking whether make sets $(MAKE)
configure:2742: result: yes
configure:2771: checking whether make supports nested variables
configure:2788: result: yes
configure:2927: checking for style of include used by make
configure:2955: result: GNU
configure:3026: checking for gcc
configure:3053: result: /home/dzpolia/src/spack/opt/spack/linux-rhel7-haswell/gcc-4.8.5/gcc-7.1.0-pjn52tzlzdprge2h3oolbq4xyotkdhw5/bin/gcc
configure:3282: checking for C compiler version
configure:3291: /home/dzpolia/src/spack/opt/spack/linux-rhel7-haswell/gcc-4.8.5/gcc-7.1.0-pjn52tzlzdprge2h3oolbq4xyotkdhw5/bin/gcc --version >&5
gcc (Spack GCC) 7.1.0
Copyright (C) 2017 Free Software Foundation, Inc.
This is free software; see the source for copying conditions.  There is NO
warranty; not even for MERCHANTABILITY or FITNESS FOR A PARTICULAR PURPOSE.

configure:3302: $? = 0
configure:3291: /home/dzpolia/src/spack/opt/spack/linux-rhel7-haswell/gcc-4.8.5/gcc-7.1.0-pjn52tzlzdprge2h3oolbq4xyotkdhw5/bin/gcc -v >&5
Reading specs from /home/dzpolia/src/spack/opt/spack/linux-rhel7-haswell/gcc-4.8.5/gcc-7.1.0-pjn52tzlzdprge2h3oolbq4xyotkdhw5/lib/gcc/x86_64-pc-linux-gnu/7.1.0/specs
COLLECT_GCC=/home/dzpolia/src/spack/opt/spack/linux-rhel7-haswell/gcc-4.8.5/gcc-7.1.0-pjn52tzlzdprge2h3oolbq4xyotkdhw5/bin/gcc
COLLECT_LTO_WRAPPER=/home/dzpolia/src/spack/opt/spack/linux-rhel7-haswell/gcc-4.8.5/gcc-7.1.0-pjn52tzlzdprge2h3oolbq4xyotkdhw5/libexec/gcc/x86_64-pc-linux-gnu/7.1.0/lto-wrapper
Target: x86_64-pc-linux-gnu
Configured with: /tmp/dzpolia/spack-stage/spack-stage-gcc-7.1.0-pjn52tzlzdprge2h3oolbq4xyotkdhw5/spack-src/configure --prefix=/home/dzpolia/src/spack/opt/spack/linux-rhel7-haswell/gcc-4.8.5/gcc-7.1.0-pjn52tzlzdprge2h3oolbq4xyotkdhw5 --with-pkgversion='Spack GCC' --with-bugurl=https://github.com/spack/spack/issues --disable-multilib --enable-languages=c,c++,fortran --disable-nls --with-mpfr=/home/dzpolia/src/spack/opt/spack/linux-rhel7-haswell/gcc-4.8.5/mpfr-3.1.6-52czcruw4fxu7hynnhaat2z7txwcrvfd --with-gmp=/home/dzpolia/src/spack/opt/spack/linux-rhel7-haswell/gcc-4.8.5/gmp-6.1.2-raqmdaosldybjrn6y2xnnnyy2f63hg6b --with-system-zlib --with-mpc=/home/dzpolia/src/spack/opt/spack/linux-rhel7-haswell/gcc-4.8.5/mpc-1.1.0-gevrvujrhc7iwx4ijlopwszfnzgefa3l --with-isl=/home/dzpolia/src/spack/opt/spack/linux-rhel7-haswell/gcc-4.8.5/isl-0.18-zwfd4x6n3v3vads3ncukk5mtgt6xv2qj
Thread model: posix
gcc version 7.1.0 (Spack GCC) 
configure:3302: $? = 0
configure:3291: /home/dzpolia/src/spack/opt/spack/linux-rhel7-haswell/gcc-4.8.5/gcc-7.1.0-pjn52tzlzdprge2h3oolbq4xyotkdhw5/bin/gcc -V >&5
gcc: error: unrecognized command line option '-V'
gcc: fatal error: no input files
compilation terminated.
configure:3302: $? = 1
configure:3291: /home/dzpolia/src/spack/opt/spack/linux-rhel7-haswell/gcc-4.8.5/gcc-7.1.0-pjn52tzlzdprge2h3oolbq4xyotkdhw5/bin/gcc -qversion >&5
gcc: error: unrecognized command line option '-qversion'; did you mean '--version'?
gcc: fatal error: no input files
compilation terminated.
configure:3302: $? = 1
configure:3322: checking whether the C compiler works
configure:3344: /home/dzpolia/src/spack/opt/spack/linux-rhel7-haswell/gcc-4.8.5/gcc-7.1.0-pjn52tzlzdprge2h3oolbq4xyotkdhw5/bin/gcc -O2 -fPIC -g -DSQLITE_OMIT_AUTOVACUUM   conftest.c  >&5
configure:3348: $? = 0
configure:3396: result: yes
configure:3399: checking for C compiler default output file name
configure:3401: result: a.out
configure:3407: checking for suffix of executables
configure:3414: /home/dzpolia/src/spack/opt/spack/linux-rhel7-haswell/gcc-4.8.5/gcc-7.1.0-pjn52tzlzdprge2h3oolbq4xyotkdhw5/bin/gcc -o conftest -O2 -fPIC -g -DSQLITE_OMIT_AUTOVACUUM   conftest.c  >&5
configure:3418: $? = 0
configure:3440: result: 
configure:3462: checking whether we are cross compiling
configure:3470: /home/dzpolia/src/spack/opt/spack/linux-rhel7-haswell/gcc-4.8.5/gcc-7.1.0-pjn52tzlzdprge2h3oolbq4xyotkdhw5/bin/gcc -o conftest -O2 -fPIC -g -DSQLITE_OMIT_AUTOVACUUM   conftest.c  >&5
configure:3474: $? = 0
configure:3481: ./conftest
configure:3485: $? = 0
configure:3500: result: no
configure:3505: checking for suffix of object files
configure:3527: /home/dzpolia/src/spack/opt/spack/linux-rhel7-haswell/gcc-4.8.5/gcc-7.1.0-pjn52tzlzdprge2h3oolbq4xyotkdhw5/bin/gcc -c -O2 -fPIC -g -DSQLITE_OMIT_AUTOVACUUM  conftest.c >&5
configure:3531: $? = 0
configure:3552: result: o
configure:3556: checking whether we are using the GNU C compiler
configure:3575: /home/dzpolia/src/spack/opt/spack/linux-rhel7-haswell/gcc-4.8.5/gcc-7.1.0-pjn52tzlzdprge2h3oolbq4xyotkdhw5/bin/gcc -c -O2 -fPIC -g -DSQLITE_OMIT_AUTOVACUUM  conftest.c >&5
configure:3575: $? = 0
configure:3584: result: yes
configure:3593: checking whether /home/dzpolia/src/spack/opt/spack/linux-rhel7-haswell/gcc-4.8.5/gcc-7.1.0-pjn52tzlzdprge2h3oolbq4xyotkdhw5/bin/gcc accepts -g
configure:3613: /home/dzpolia/src/spack/opt/spack/linux-rhel7-haswell/gcc-4.8.5/gcc-7.1.0-pjn52tzlzdprge2h3oolbq4xyotkdhw5/bin/gcc -c -g  conftest.c >&5
configure:3613: $? = 0
configure:3654: result: yes
configure:3671: checking for /home/dzpolia/src/spack/opt/spack/linux-rhel7-haswell/gcc-4.8.5/gcc-7.1.0-pjn52tzlzdprge2h3oolbq4xyotkdhw5/bin/gcc option to accept ISO C89
configure:3734: /home/dzpolia/src/spack/opt/spack/linux-rhel7-haswell/gcc-4.8.5/gcc-7.1.0-pjn52tzlzdprge2h3oolbq4xyotkdhw5/bin/gcc  -c -O2 -fPIC -g -DSQLITE_OMIT_AUTOVACUUM  conftest.c >&5
configure:3734: $? = 0
configure:3747: result: none needed
configure:3772: checking whether /home/dzpolia/src/spack/opt/spack/linux-rhel7-haswell/gcc-4.8.5/gcc-7.1.0-pjn52tzlzdprge2h3oolbq4xyotkdhw5/bin/gcc understands -c and -o together
configure:3794: /home/dzpolia/src/spack/opt/spack/linux-rhel7-haswell/gcc-4.8.5/gcc-7.1.0-pjn52tzlzdprge2h3oolbq4xyotkdhw5/bin/gcc -c conftest.c -o conftest2.o
configure:3797: $? = 0
configure:3794: /home/dzpolia/src/spack/opt/spack/linux-rhel7-haswell/gcc-4.8.5/gcc-7.1.0-pjn52tzlzdprge2h3oolbq4xyotkdhw5/bin/gcc -c conftest.c -o conftest2.o
configure:3797: $? = 0
configure:3809: result: yes
configure:3828: checking dependency style of /home/dzpolia/src/spack/opt/spack/linux-rhel7-haswell/gcc-4.8.5/gcc-7.1.0-pjn52tzlzdprge2h3oolbq4xyotkdhw5/bin/gcc
configure:3939: result: gcc3
configure:3962: checking for special C compiler options needed for large files
configure:4007: result: no
configure:4013: checking for _FILE_OFFSET_BITS value needed for large files
configure:4038: /home/dzpolia/src/spack/opt/spack/linux-rhel7-haswell/gcc-4.8.5/gcc-7.1.0-pjn52tzlzdprge2h3oolbq4xyotkdhw5/bin/gcc -c -O2 -fPIC -g -DSQLITE_OMIT_AUTOVACUUM  conftest.c >&5
configure:4038: $? = 0
configure:4070: result: no
configure:4205: checking for gcc
configure:4232: result: /home/dzpolia/src/spack/opt/spack/linux-rhel7-haswell/gcc-4.8.5/gcc-7.1.0-pjn52tzlzdprge2h3oolbq4xyotkdhw5/bin/gcc
configure:4461: checking for C compiler version
configure:4470: /home/dzpolia/src/spack/opt/spack/linux-rhel7-haswell/gcc-4.8.5/gcc-7.1.0-pjn52tzlzdprge2h3oolbq4xyotkdhw5/bin/gcc --version >&5
gcc (Spack GCC) 7.1.0
Copyright (C) 2017 Free Software Foundation, Inc.
This is free software; see the source for copying conditions.  There is NO
warranty; not even for MERCHANTABILITY or FITNESS FOR A PARTICULAR PURPOSE.

configure:4481: $? = 0
configure:4470: /home/dzpolia/src/spack/opt/spack/linux-rhel7-haswell/gcc-4.8.5/gcc-7.1.0-pjn52tzlzdprge2h3oolbq4xyotkdhw5/bin/gcc -v >&5
Reading specs from /home/dzpolia/src/spack/opt/spack/linux-rhel7-haswell/gcc-4.8.5/gcc-7.1.0-pjn52tzlzdprge2h3oolbq4xyotkdhw5/lib/gcc/x86_64-pc-linux-gnu/7.1.0/specs
COLLECT_GCC=/home/dzpolia/src/spack/opt/spack/linux-rhel7-haswell/gcc-4.8.5/gcc-7.1.0-pjn52tzlzdprge2h3oolbq4xyotkdhw5/bin/gcc
COLLECT_LTO_WRAPPER=/home/dzpolia/src/spack/opt/spack/linux-rhel7-haswell/gcc-4.8.5/gcc-7.1.0-pjn52tzlzdprge2h3oolbq4xyotkdhw5/libexec/gcc/x86_64-pc-linux-gnu/7.1.0/lto-wrapper
Target: x86_64-pc-linux-gnu
Configured with: /tmp/dzpolia/spack-stage/spack-stage-gcc-7.1.0-pjn52tzlzdprge2h3oolbq4xyotkdhw5/spack-src/configure --prefix=/home/dzpolia/src/spack/opt/spack/linux-rhel7-haswell/gcc-4.8.5/gcc-7.1.0-pjn52tzlzdprge2h3oolbq4xyotkdhw5 --with-pkgversion='Spack GCC' --with-bugurl=https://github.com/spack/spack/issues --disable-multilib --enable-languages=c,c++,fortran --disable-nls --with-mpfr=/home/dzpolia/src/spack/opt/spack/linux-rhel7-haswell/gcc-4.8.5/mpfr-3.1.6-52czcruw4fxu7hynnhaat2z7txwcrvfd --with-gmp=/home/dzpolia/src/spack/opt/spack/linux-rhel7-haswell/gcc-4.8.5/gmp-6.1.2-raqmdaosldybjrn6y2xnnnyy2f63hg6b --with-system-zlib --with-mpc=/home/dzpolia/src/spack/opt/spack/linux-rhel7-haswell/gcc-4.8.5/mpc-1.1.0-gevrvujrhc7iwx4ijlopwszfnzgefa3l --with-isl=/home/dzpolia/src/spack/opt/spack/linux-rhel7-haswell/gcc-4.8.5/isl-0.18-zwfd4x6n3v3vads3ncukk5mtgt6xv2qj
Thread model: posix
gcc version 7.1.0 (Spack GCC) 
configure:4481: $? = 0
configure:4470: /home/dzpolia/src/spack/opt/spack/linux-rhel7-haswell/gcc-4.8.5/gcc-7.1.0-pjn52tzlzdprge2h3oolbq4xyotkdhw5/bin/gcc -V >&5
gcc: error: unrecognized command line option '-V'
gcc: fatal error: no input files
compilation terminated.
configure:4481: $? = 1
configure:4470: /home/dzpolia/src/spack/opt/spack/linux-rhel7-haswell/gcc-4.8.5/gcc-7.1.0-pjn52tzlzdprge2h3oolbq4xyotkdhw5/bin/gcc -qversion >&5
gcc: error: unrecognized command line option '-qversion'; did you mean '--version'?
gcc: fatal error: no input files
compilation terminated.
configure:4481: $? = 1
configure:4485: checking whether we are using the GNU C compiler
configure:4513: result: yes
configure:4522: checking whether /home/dzpolia/src/spack/opt/spack/linux-rhel7-haswell/gcc-4.8.5/gcc-7.1.0-pjn52tzlzdprge2h3oolbq4xyotkdhw5/bin/gcc accepts -g
configure:4583: result: yes
configure:4600: checking for /home/dzpolia/src/spack/opt/spack/linux-rhel7-haswell/gcc-4.8.5/gcc-7.1.0-pjn52tzlzdprge2h3oolbq4xyotkdhw5/bin/gcc option to accept ISO C89
configure:4676: result: none needed
configure:4701: checking whether /home/dzpolia/src/spack/opt/spack/linux-rhel7-haswell/gcc-4.8.5/gcc-7.1.0-pjn52tzlzdprge2h3oolbq4xyotkdhw5/bin/gcc understands -c and -o together
configure:4738: result: yes
configure:4757: checking dependency style of /home/dzpolia/src/spack/opt/spack/linux-rhel7-haswell/gcc-4.8.5/gcc-7.1.0-pjn52tzlzdprge2h3oolbq4xyotkdhw5/bin/gcc
configure:4868: result: gcc3
configure:4912: checking build system type
configure:4926: result: x86_64-pc-linux-gnu
configure:4946: checking host system type
configure:4959: result: x86_64-pc-linux-gnu
configure:5000: checking how to print strings
configure:5027: result: printf
configure:5048: checking for a sed that does not truncate output
configure:5112: result: /usr/bin/sed
configure:5130: checking for grep that handles long lines and -e
configure:5188: result: /usr/bin/grep
configure:5193: checking for egrep
configure:5255: result: /usr/bin/grep -E
configure:5260: checking for fgrep
configure:5322: result: /usr/bin/grep -F
configure:5357: checking for ld used by /home/dzpolia/src/spack/opt/spack/linux-rhel7-haswell/gcc-4.8.5/gcc-7.1.0-pjn52tzlzdprge2h3oolbq4xyotkdhw5/bin/gcc
configure:5424: result: /home/dzpolia/src/spack/opt/spack/linux-rhel7-skylake_avx512/gcc-7.1.0/binutils-2.34-tyakqk6dwdx2nd5ybnmfpayrszna6yj5/bin/ld
configure:5431: checking if the linker (/home/dzpolia/src/spack/opt/spack/linux-rhel7-skylake_avx512/gcc-7.1.0/binutils-2.34-tyakqk6dwdx2nd5ybnmfpayrszna6yj5/bin/ld) is GNU ld
configure:5446: result: yes
configure:5458: checking for BSD- or MS-compatible name lister (nm)
configure:5512: result: /home/dzpolia/src/spack/opt/spack/linux-rhel7-skylake_avx512/gcc-7.1.0/binutils-2.34-tyakqk6dwdx2nd5ybnmfpayrszna6yj5/bin/nm -B
configure:5642: checking the name lister (/home/dzpolia/src/spack/opt/spack/linux-rhel7-skylake_avx512/gcc-7.1.0/binutils-2.34-tyakqk6dwdx2nd5ybnmfpayrszna6yj5/bin/nm -B) interface
configure:5649: /home/dzpolia/src/spack/opt/spack/linux-rhel7-haswell/gcc-4.8.5/gcc-7.1.0-pjn52tzlzdprge2h3oolbq4xyotkdhw5/bin/gcc -c -O2 -fPIC -g -DSQLITE_OMIT_AUTOVACUUM  conftest.c >&5
configure:5652: /home/dzpolia/src/spack/opt/spack/linux-rhel7-skylake_avx512/gcc-7.1.0/binutils-2.34-tyakqk6dwdx2nd5ybnmfpayrszna6yj5/bin/nm -B "conftest.o"
configure:5655: output
0000000000000000 B some_variable
configure:5662: result: BSD nm
configure:5665: checking whether ln -s works
configure:5669: result: yes
configure:5677: checking the maximum length of command line arguments
configure:5808: result: 1572864
configure:5856: checking how to convert x86_64-pc-linux-gnu file names to x86_64-pc-linux-gnu format
configure:5896: result: func_convert_file_noop
configure:5903: checking how to convert x86_64-pc-linux-gnu file names to toolchain format
configure:5923: result: func_convert_file_noop
configure:5930: checking for /home/dzpolia/src/spack/opt/spack/linux-rhel7-skylake_avx512/gcc-7.1.0/binutils-2.34-tyakqk6dwdx2nd5ybnmfpayrszna6yj5/bin/ld option to reload object files
configure:5937: result: -r
configure:6011: checking for objdump
configure:6027: found /home/dzpolia/src/spack/opt/spack/linux-rhel7-skylake_avx512/gcc-7.1.0/binutils-2.34-tyakqk6dwdx2nd5ybnmfpayrszna6yj5/bin/objdump
configure:6038: result: objdump
configure:6070: checking how to recognize dependent libraries
configure:6270: result: pass_all
configure:6355: checking for dlltool
configure:6371: found /home/dzpolia/src/spack/opt/spack/linux-rhel7-skylake_avx512/gcc-7.1.0/binutils-2.34-tyakqk6dwdx2nd5ybnmfpayrszna6yj5/bin/dlltool
configure:6382: result: dlltool
configure:6415: checking how to associate runtime and link libraries
configure:6442: result: printf %s\n
configure:6502: checking for ar
configure:6518: found /home/dzpolia/src/spack/opt/spack/linux-rhel7-skylake_avx512/gcc-7.1.0/binutils-2.34-tyakqk6dwdx2nd5ybnmfpayrszna6yj5/bin/ar
configure:6529: result: ar
configure:6566: checking for archiver @FILE support
configure:6583: /home/dzpolia/src/spack/opt/spack/linux-rhel7-haswell/gcc-4.8.5/gcc-7.1.0-pjn52tzlzdprge2h3oolbq4xyotkdhw5/bin/gcc -c -O2 -fPIC -g -DSQLITE_OMIT_AUTOVACUUM  conftest.c >&5
configure:6583: $? = 0
configure:6586: ar cru libconftest.a @conftest.lst >&5
configure:6589: $? = 0
configure:6594: ar cru libconftest.a @conftest.lst >&5
ar: conftest.o: No such file or directory
configure:6597: $? = 1
configure:6609: result: @
configure:6667: checking for strip
configure:6683: found /home/dzpolia/src/spack/opt/spack/linux-rhel7-skylake_avx512/gcc-7.1.0/binutils-2.34-tyakqk6dwdx2nd5ybnmfpayrszna6yj5/bin/strip
configure:6694: result: strip
configure:6766: checking for ranlib
configure:6782: found /home/dzpolia/src/spack/opt/spack/linux-rhel7-skylake_avx512/gcc-7.1.0/binutils-2.34-tyakqk6dwdx2nd5ybnmfpayrszna6yj5/bin/ranlib
configure:6793: result: ranlib
configure:6895: checking command to parse /home/dzpolia/src/spack/opt/spack/linux-rhel7-skylake_avx512/gcc-7.1.0/binutils-2.34-tyakqk6dwdx2nd5ybnmfpayrszna6yj5/bin/nm -B output from /home/dzpolia/src/spack/opt/spack/linux-rhel7-haswell/gcc-4.8.5/gcc-7.1.0-pjn52tzlzdprge2h3oolbq4xyotkdhw5/bin/gcc object
configure:7048: /home/dzpolia/src/spack/opt/spack/linux-rhel7-haswell/gcc-4.8.5/gcc-7.1.0-pjn52tzlzdprge2h3oolbq4xyotkdhw5/bin/gcc -c -O2 -fPIC -g -DSQLITE_OMIT_AUTOVACUUM  conftest.c >&5
configure:7051: $? = 0
configure:7055: /home/dzpolia/src/spack/opt/spack/linux-rhel7-skylake_avx512/gcc-7.1.0/binutils-2.34-tyakqk6dwdx2nd5ybnmfpayrszna6yj5/bin/nm -B conftest.o \| sed -n -e 's/^.*[ ]\([ABCDGIRSTW][ABCDGIRSTW]*\)[ ][ ]*\([_A-Za-z][_A-Za-z0-9]*\)$/\1 \2 \2/p' | sed '/ __gnu_lto/d' \> conftest.nm
configure:7058: $? = 0
configure:7124: /home/dzpolia/src/spack/opt/spack/linux-rhel7-haswell/gcc-4.8.5/gcc-7.1.0-pjn52tzlzdprge2h3oolbq4xyotkdhw5/bin/gcc -o conftest -O2 -fPIC -g -DSQLITE_OMIT_AUTOVACUUM   conftest.c conftstm.o >&5
configure:7127: $? = 0
configure:7165: result: ok
configure:7212: checking for sysroot
configure:7242: result: no
configure:7249: checking for a working dd
configure:7287: result: /usr/bin/dd
configure:7291: checking how to truncate binary pipes
configure:7306: result: /usr/bin/dd bs=4096 count=1
configure:7442: /home/dzpolia/src/spack/opt/spack/linux-rhel7-haswell/gcc-4.8.5/gcc-7.1.0-pjn52tzlzdprge2h3oolbq4xyotkdhw5/bin/gcc -c -O2 -fPIC -g -DSQLITE_OMIT_AUTOVACUUM  conftest.c >&5
configure:7445: $? = 0
configure:7635: checking for mt
configure:7651: found /usr/bin/mt
configure:7662: result: mt
configure:7685: checking if mt is a manifest tool
configure:7691: mt '-?'
usage: mt [-v] [--version] [-h] [ -f device ] command [ count ]
configure:7699: result: no
configure:8376: checking how to run the C preprocessor
configure:8407: /home/dzpolia/src/spack/opt/spack/linux-rhel7-haswell/gcc-4.8.5/gcc-7.1.0-pjn52tzlzdprge2h3oolbq4xyotkdhw5/bin/gcc -E  conftest.c
configure:8407: $? = 0
configure:8421: /home/dzpolia/src/spack/opt/spack/linux-rhel7-haswell/gcc-4.8.5/gcc-7.1.0-pjn52tzlzdprge2h3oolbq4xyotkdhw5/bin/gcc -E  conftest.c
conftest.c:11:10: fatal error: ac_nonexistent.h: No such file or directory
 #include <ac_nonexistent.h>
          ^~~~~~~~~~~~~~~~~~
compilation terminated.
configure:8421: $? = 1
configure: failed program was:
| /* confdefs.h */
| #define PACKAGE_NAME "sqlite"
| #define PACKAGE_TARNAME "sqlite"
| #define PACKAGE_VERSION "3.32.0"
| #define PACKAGE_STRING "sqlite 3.32.0"
| #define PACKAGE_BUGREPORT "http://www.sqlite.org"
| #define PACKAGE_URL ""
| #define PACKAGE "sqlite"
| #define VERSION "3.32.0"
| /* end confdefs.h.  */
| #include <ac_nonexistent.h>
configure:8446: result: /home/dzpolia/src/spack/opt/spack/linux-rhel7-haswell/gcc-4.8.5/gcc-7.1.0-pjn52tzlzdprge2h3oolbq4xyotkdhw5/bin/gcc -E
configure:8466: /home/dzpolia/src/spack/opt/spack/linux-rhel7-haswell/gcc-4.8.5/gcc-7.1.0-pjn52tzlzdprge2h3oolbq4xyotkdhw5/bin/gcc -E  conftest.c
configure:8466: $? = 0
configure:8480: /home/dzpolia/src/spack/opt/spack/linux-rhel7-haswell/gcc-4.8.5/gcc-7.1.0-pjn52tzlzdprge2h3oolbq4xyotkdhw5/bin/gcc -E  conftest.c
conftest.c:11:10: fatal error: ac_nonexistent.h: No such file or directory
 #include <ac_nonexistent.h>
          ^~~~~~~~~~~~~~~~~~
compilation terminated.
configure:8480: $? = 1
configure: failed program was:
| /* confdefs.h */
| #define PACKAGE_NAME "sqlite"
| #define PACKAGE_TARNAME "sqlite"
| #define PACKAGE_VERSION "3.32.0"
| #define PACKAGE_STRING "sqlite 3.32.0"
| #define PACKAGE_BUGREPORT "http://www.sqlite.org"
| #define PACKAGE_URL ""
| #define PACKAGE "sqlite"
| #define VERSION "3.32.0"
| /* end confdefs.h.  */
| #include <ac_nonexistent.h>
configure:8509: checking for ANSI C header files
configure:8529: /home/dzpolia/src/spack/opt/spack/linux-rhel7-haswell/gcc-4.8.5/gcc-7.1.0-pjn52tzlzdprge2h3oolbq4xyotkdhw5/bin/gcc -c -O2 -fPIC -g -DSQLITE_OMIT_AUTOVACUUM  conftest.c >&5
configure:8529: $? = 0
configure:8602: /home/dzpolia/src/spack/opt/spack/linux-rhel7-haswell/gcc-4.8.5/gcc-7.1.0-pjn52tzlzdprge2h3oolbq4xyotkdhw5/bin/gcc -o conftest -O2 -fPIC -g -DSQLITE_OMIT_AUTOVACUUM   conftest.c  >&5
configure:8602: $? = 0
configure:8602: ./conftest
configure:8602: $? = 0
configure:8613: result: yes
configure:8626: checking for sys/types.h
configure:8626: /home/dzpolia/src/spack/opt/spack/linux-rhel7-haswell/gcc-4.8.5/gcc-7.1.0-pjn52tzlzdprge2h3oolbq4xyotkdhw5/bin/gcc -c -O2 -fPIC -g -DSQLITE_OMIT_AUTOVACUUM  conftest.c >&5
configure:8626: $? = 0
configure:8626: result: yes
configure:8626: checking for sys/stat.h
configure:8626: /home/dzpolia/src/spack/opt/spack/linux-rhel7-haswell/gcc-4.8.5/gcc-7.1.0-pjn52tzlzdprge2h3oolbq4xyotkdhw5/bin/gcc -c -O2 -fPIC -g -DSQLITE_OMIT_AUTOVACUUM  conftest.c >&5
configure:8626: $? = 0
configure:8626: result: yes
configure:8626: checking for stdlib.h
configure:8626: /home/dzpolia/src/spack/opt/spack/linux-rhel7-haswell/gcc-4.8.5/gcc-7.1.0-pjn52tzlzdprge2h3oolbq4xyotkdhw5/bin/gcc -c -O2 -fPIC -g -DSQLITE_OMIT_AUTOVACUUM  conftest.c >&5
configure:8626: $? = 0
configure:8626: result: yes
configure:8626: checking for string.h
configure:8626: /home/dzpolia/src/spack/opt/spack/linux-rhel7-haswell/gcc-4.8.5/gcc-7.1.0-pjn52tzlzdprge2h3oolbq4xyotkdhw5/bin/gcc -c -O2 -fPIC -g -DSQLITE_OMIT_AUTOVACUUM  conftest.c >&5
configure:8626: $? = 0
configure:8626: result: yes
configure:8626: checking for memory.h
configure:8626: /home/dzpolia/src/spack/opt/spack/linux-rhel7-haswell/gcc-4.8.5/gcc-7.1.0-pjn52tzlzdprge2h3oolbq4xyotkdhw5/bin/gcc -c -O2 -fPIC -g -DSQLITE_OMIT_AUTOVACUUM  conftest.c >&5
configure:8626: $? = 0
configure:8626: result: yes
configure:8626: checking for strings.h
configure:8626: /home/dzpolia/src/spack/opt/spack/linux-rhel7-haswell/gcc-4.8.5/gcc-7.1.0-pjn52tzlzdprge2h3oolbq4xyotkdhw5/bin/gcc -c -O2 -fPIC -g -DSQLITE_OMIT_AUTOVACUUM  conftest.c >&5
configure:8626: $? = 0
configure:8626: result: yes
configure:8626: checking for inttypes.h
configure:8626: /home/dzpolia/src/spack/opt/spack/linux-rhel7-haswell/gcc-4.8.5/gcc-7.1.0-pjn52tzlzdprge2h3oolbq4xyotkdhw5/bin/gcc -c -O2 -fPIC -g -DSQLITE_OMIT_AUTOVACUUM  conftest.c >&5
configure:8626: $? = 0
configure:8626: result: yes
configure:8626: checking for stdint.h
configure:8626: /home/dzpolia/src/spack/opt/spack/linux-rhel7-haswell/gcc-4.8.5/gcc-7.1.0-pjn52tzlzdprge2h3oolbq4xyotkdhw5/bin/gcc -c -O2 -fPIC -g -DSQLITE_OMIT_AUTOVACUUM  conftest.c >&5
configure:8626: $? = 0
configure:8626: result: yes
configure:8626: checking for unistd.h
configure:8626: /home/dzpolia/src/spack/opt/spack/linux-rhel7-haswell/gcc-4.8.5/gcc-7.1.0-pjn52tzlzdprge2h3oolbq4xyotkdhw5/bin/gcc -c -O2 -fPIC -g -DSQLITE_OMIT_AUTOVACUUM  conftest.c >&5
configure:8626: $? = 0
configure:8626: result: yes
configure:8640: checking for dlfcn.h
configure:8640: /home/dzpolia/src/spack/opt/spack/linux-rhel7-haswell/gcc-4.8.5/gcc-7.1.0-pjn52tzlzdprge2h3oolbq4xyotkdhw5/bin/gcc -c -O2 -fPIC -g -DSQLITE_OMIT_AUTOVACUUM  conftest.c >&5
configure:8640: $? = 0
configure:8640: result: yes
configure:8896: checking for objdir
configure:8911: result: .libs
configure:9171: checking if /home/dzpolia/src/spack/opt/spack/linux-rhel7-haswell/gcc-4.8.5/gcc-7.1.0-pjn52tzlzdprge2h3oolbq4xyotkdhw5/bin/gcc supports -fno-rtti -fno-exceptions
configure:9189: /home/dzpolia/src/spack/opt/spack/linux-rhel7-haswell/gcc-4.8.5/gcc-7.1.0-pjn52tzlzdprge2h3oolbq4xyotkdhw5/bin/gcc -c -O2 -fPIC -g -DSQLITE_OMIT_AUTOVACUUM  -fno-rtti -fno-exceptions conftest.c >&5
cc1: warning: command line option '-fno-rtti' is valid for C++/ObjC++ but not for C
configure:9193: $? = 0
configure:9206: result: no
configure:9564: checking for /home/dzpolia/src/spack/opt/spack/linux-rhel7-haswell/gcc-4.8.5/gcc-7.1.0-pjn52tzlzdprge2h3oolbq4xyotkdhw5/bin/gcc option to produce PIC
configure:9571: result: -fPIC -DPIC
configure:9579: checking if /home/dzpolia/src/spack/opt/spack/linux-rhel7-haswell/gcc-4.8.5/gcc-7.1.0-pjn52tzlzdprge2h3oolbq4xyotkdhw5/bin/gcc PIC flag -fPIC -DPIC works
configure:9597: /home/dzpolia/src/spack/opt/spack/linux-rhel7-haswell/gcc-4.8.5/gcc-7.1.0-pjn52tzlzdprge2h3oolbq4xyotkdhw5/bin/gcc -c -O2 -fPIC -g -DSQLITE_OMIT_AUTOVACUUM  -fPIC -DPIC -DPIC conftest.c >&5
configure:9601: $? = 0
configure:9614: result: yes
configure:9643: checking if /home/dzpolia/src/spack/opt/spack/linux-rhel7-haswell/gcc-4.8.5/gcc-7.1.0-pjn52tzlzdprge2h3oolbq4xyotkdhw5/bin/gcc static flag -static works
configure:9671: result: no
configure:9686: checking if /home/dzpolia/src/spack/opt/spack/linux-rhel7-haswell/gcc-4.8.5/gcc-7.1.0-pjn52tzlzdprge2h3oolbq4xyotkdhw5/bin/gcc supports -c -o file.o
configure:9707: /home/dzpolia/src/spack/opt/spack/linux-rhel7-haswell/gcc-4.8.5/gcc-7.1.0-pjn52tzlzdprge2h3oolbq4xyotkdhw5/bin/gcc -c -O2 -fPIC -g -DSQLITE_OMIT_AUTOVACUUM  -o out/conftest2.o conftest.c >&5
configure:9711: $? = 0
configure:9733: result: yes
configure:9741: checking if /home/dzpolia/src/spack/opt/spack/linux-rhel7-haswell/gcc-4.8.5/gcc-7.1.0-pjn52tzlzdprge2h3oolbq4xyotkdhw5/bin/gcc supports -c -o file.o
configure:9788: result: yes
configure:9821: checking whether the /home/dzpolia/src/spack/opt/spack/linux-rhel7-haswell/gcc-4.8.5/gcc-7.1.0-pjn52tzlzdprge2h3oolbq4xyotkdhw5/bin/gcc linker (/home/dzpolia/src/spack/opt/spack/linux-rhel7-skylake_avx512/gcc-7.1.0/binutils-2.34-tyakqk6dwdx2nd5ybnmfpayrszna6yj5/bin/ld -m elf_x86_64) supports shared libraries
configure:11084: result: yes
configure:11121: checking whether -lc should be explicitly linked in
configure:11129: /home/dzpolia/src/spack/opt/spack/linux-rhel7-haswell/gcc-4.8.5/gcc-7.1.0-pjn52tzlzdprge2h3oolbq4xyotkdhw5/bin/gcc -c -O2 -fPIC -g -DSQLITE_OMIT_AUTOVACUUM  conftest.c >&5
configure:11132: $? = 0
configure:11147: /home/dzpolia/src/spack/opt/spack/linux-rhel7-haswell/gcc-4.8.5/gcc-7.1.0-pjn52tzlzdprge2h3oolbq4xyotkdhw5/bin/gcc -shared  -fPIC -DPIC conftest.o  -v -Wl,-soname -Wl,conftest -o conftest 2\>\&1 \| /usr/bin/grep  -lc  \>/dev/null 2\>\&1
configure:11150: $? = 0
configure:11164: result: no
configure:11324: checking dynamic linker characteristics
configure:11905: /home/dzpolia/src/spack/opt/spack/linux-rhel7-haswell/gcc-4.8.5/gcc-7.1.0-pjn52tzlzdprge2h3oolbq4xyotkdhw5/bin/gcc -o conftest -O2 -fPIC -g -DSQLITE_OMIT_AUTOVACUUM   -Wl,-rpath -Wl,/foo conftest.c  >&5
configure:11905: $? = 0
configure:12154: result: GNU/Linux ld.so
configure:12276: checking how to hardcode library paths into programs
configure:12301: result: immediate
configure:12849: checking whether stripping libraries is possible
configure:12854: result: yes
configure:12889: checking if libtool supports shared libraries
configure:12891: result: yes
configure:12894: checking whether to build shared libraries
configure:12919: result: yes
configure:12922: checking whether to build static libraries
configure:12926: result: yes
configure:12969: checking for fdatasync
configure:12969: /home/dzpolia/src/spack/opt/spack/linux-rhel7-haswell/gcc-4.8.5/gcc-7.1.0-pjn52tzlzdprge2h3oolbq4xyotkdhw5/bin/gcc -o conftest -O2 -fPIC -g -DSQLITE_OMIT_AUTOVACUUM   conftest.c  >&5
configure:12969: $? = 0
configure:12969: result: yes
configure:12969: checking for usleep
configure:12969: /home/dzpolia/src/spack/opt/spack/linux-rhel7-haswell/gcc-4.8.5/gcc-7.1.0-pjn52tzlzdprge2h3oolbq4xyotkdhw5/bin/gcc -o conftest -O2 -fPIC -g -DSQLITE_OMIT_AUTOVACUUM   conftest.c  >&5
configure:12969: $? = 0
configure:12969: result: yes
configure:12969: checking for fullfsync
configure:12969: /home/dzpolia/src/spack/opt/spack/linux-rhel7-haswell/gcc-4.8.5/gcc-7.1.0-pjn52tzlzdprge2h3oolbq4xyotkdhw5/bin/gcc -o conftest -O2 -fPIC -g -DSQLITE_OMIT_AUTOVACUUM   conftest.c  >&5
/home/dzpolia/src/spack/opt/spack/linux-rhel7-skylake_avx512/gcc-7.1.0/binutils-2.34-tyakqk6dwdx2nd5ybnmfpayrszna6yj5/bin/ld: /tmp/ccHZl6hI.o: in function `main':
/ascldap/users/dzpolia/src/kokkos-tools/tuning/labrador/sqlite3/conftest.c:59: undefined reference to `fullfsync'
collect2: error: ld returned 1 exit status
configure:12969: $? = 1
configure: failed program was:
| /* confdefs.h */
| #define PACKAGE_NAME "sqlite"
| #define PACKAGE_TARNAME "sqlite"
| #define PACKAGE_VERSION "3.32.0"
| #define PACKAGE_STRING "sqlite 3.32.0"
| #define PACKAGE_BUGREPORT "http://www.sqlite.org"
| #define PACKAGE_URL ""
| #define PACKAGE "sqlite"
| #define VERSION "3.32.0"
| #define STDC_HEADERS 1
| #define HAVE_SYS_TYPES_H 1
| #define HAVE_SYS_STAT_H 1
| #define HAVE_STDLIB_H 1
| #define HAVE_STRING_H 1
| #define HAVE_MEMORY_H 1
| #define HAVE_STRINGS_H 1
| #define HAVE_INTTYPES_H 1
| #define HAVE_STDINT_H 1
| #define HAVE_UNISTD_H 1
| #define HAVE_DLFCN_H 1
| #define LT_OBJDIR ".libs/"
| #define HAVE_FDATASYNC 1
| #define HAVE_USLEEP 1
| /* end confdefs.h.  */
| /* Define fullfsync to an innocuous variant, in case <limits.h> declares fullfsync.
|    For example, HP-UX 11i <limits.h> declares gettimeofday.  */
| #define fullfsync innocuous_fullfsync
| 
| /* System header to define __stub macros and hopefully few prototypes,
|     which can conflict with char fullfsync (); below.
|     Prefer <limits.h> to <assert.h> if __STDC__ is defined, since
|     <limits.h> exists even on freestanding compilers.  */
| 
| #ifdef __STDC__
| # include <limits.h>
| #else
| # include <assert.h>
| #endif
| 
| #undef fullfsync
| 
| /* Override any GCC internal prototype to avoid an error.
|    Use char because int might match the return type of a GCC
|    builtin and then its argument prototype would still apply.  */
| #ifdef __cplusplus
| extern "C"
| #endif
| char fullfsync ();
| /* The GNU C library defines this for functions which it implements
|     to always fail with ENOSYS.  Some functions are actually named
|     something starting with __ and the normal name is an alias.  */
| #if defined __stub_fullfsync || defined __stub___fullfsync
| choke me
| #endif
| 
| int
| main ()
| {
| return fullfsync ();
|   ;
|   return 0;
| }
configure:12969: result: no
configure:12969: checking for localtime_r
configure:12969: /home/dzpolia/src/spack/opt/spack/linux-rhel7-haswell/gcc-4.8.5/gcc-7.1.0-pjn52tzlzdprge2h3oolbq4xyotkdhw5/bin/gcc -o conftest -O2 -fPIC -g -DSQLITE_OMIT_AUTOVACUUM   conftest.c  >&5
configure:12969: $? = 0
configure:12969: result: yes
configure:12969: checking for gmtime_r
configure:12969: /home/dzpolia/src/spack/opt/spack/linux-rhel7-haswell/gcc-4.8.5/gcc-7.1.0-pjn52tzlzdprge2h3oolbq4xyotkdhw5/bin/gcc -o conftest -O2 -fPIC -g -DSQLITE_OMIT_AUTOVACUUM   conftest.c  >&5
configure:12969: $? = 0
configure:12969: result: yes
configure:12978: checking whether strerror_r is declared
configure:12978: /home/dzpolia/src/spack/opt/spack/linux-rhel7-haswell/gcc-4.8.5/gcc-7.1.0-pjn52tzlzdprge2h3oolbq4xyotkdhw5/bin/gcc -c -O2 -fPIC -g -DSQLITE_OMIT_AUTOVACUUM  conftest.c >&5
configure:12978: $? = 0
configure:12978: result: yes
configure:12991: checking for strerror_r
configure:12991: /home/dzpolia/src/spack/opt/spack/linux-rhel7-haswell/gcc-4.8.5/gcc-7.1.0-pjn52tzlzdprge2h3oolbq4xyotkdhw5/bin/gcc -o conftest -O2 -fPIC -g -DSQLITE_OMIT_AUTOVACUUM   conftest.c  >&5
configure:12991: $? = 0
configure:12991: result: yes
configure:13000: checking whether strerror_r returns char *
configure:13024: /home/dzpolia/src/spack/opt/spack/linux-rhel7-haswell/gcc-4.8.5/gcc-7.1.0-pjn52tzlzdprge2h3oolbq4xyotkdhw5/bin/gcc -c -O2 -fPIC -g -DSQLITE_OMIT_AUTOVACUUM  conftest.c >&5
conftest.c: In function 'main':
conftest.c:67:13: error: invalid type argument of unary '*' (have 'int')
    char x = *strerror_r (0, buf, sizeof buf);
             ^~~~~~~~~~~~~~~~~~~~~~~~~~~~~~~~
conftest.c:68:14: warning: initialization makes pointer from integer without a cast [-Wint-conversion]
    char *p = strerror_r (0, buf, sizeof buf);
              ^~~~~~~~~~
configure:13024: $? = 1
configure: failed program was:
| /* confdefs.h */
| #define PACKAGE_NAME "sqlite"
| #define PACKAGE_TARNAME "sqlite"
| #define PACKAGE_VERSION "3.32.0"
| #define PACKAGE_STRING "sqlite 3.32.0"
| #define PACKAGE_BUGREPORT "http://www.sqlite.org"
| #define PACKAGE_URL ""
| #define PACKAGE "sqlite"
| #define VERSION "3.32.0"
| #define STDC_HEADERS 1
| #define HAVE_SYS_TYPES_H 1
| #define HAVE_SYS_STAT_H 1
| #define HAVE_STDLIB_H 1
| #define HAVE_STRING_H 1
| #define HAVE_MEMORY_H 1
| #define HAVE_STRINGS_H 1
| #define HAVE_INTTYPES_H 1
| #define HAVE_STDINT_H 1
| #define HAVE_UNISTD_H 1
| #define HAVE_DLFCN_H 1
| #define LT_OBJDIR ".libs/"
| #define HAVE_FDATASYNC 1
| #define HAVE_USLEEP 1
| #define HAVE_LOCALTIME_R 1
| #define HAVE_GMTIME_R 1
| #define HAVE_DECL_STRERROR_R 1
| #define HAVE_STRERROR_R 1
| /* end confdefs.h.  */
| #include <stdio.h>
| #ifdef HAVE_SYS_TYPES_H
| # include <sys/types.h>
| #endif
| #ifdef HAVE_SYS_STAT_H
| # include <sys/stat.h>
| #endif
| #ifdef STDC_HEADERS
| # include <stdlib.h>
| # include <stddef.h>
| #else
| # ifdef HAVE_STDLIB_H
| #  include <stdlib.h>
| # endif
| #endif
| #ifdef HAVE_STRING_H
| # if !defined STDC_HEADERS && defined HAVE_MEMORY_H
| #  include <memory.h>
| # endif
| # include <string.h>
| #endif
| #ifdef HAVE_STRINGS_H
| # include <strings.h>
| #endif
| #ifdef HAVE_INTTYPES_H
| # include <inttypes.h>
| #endif
| #ifdef HAVE_STDINT_H
| # include <stdint.h>
| #endif
| #ifdef HAVE_UNISTD_H
| # include <unistd.h>
| #endif
| int
| main ()
| {
| 
| 	  char buf[100];
| 	  char x = *strerror_r (0, buf, sizeof buf);
| 	  char *p = strerror_r (0, buf, sizeof buf);
| 	  return !p || x;
| 
|   ;
|   return 0;
| }
configure:13062: result: no
configure:13107: checking editline/readline.h usability
configure:13107: /home/dzpolia/src/spack/opt/spack/linux-rhel7-haswell/gcc-4.8.5/gcc-7.1.0-pjn52tzlzdprge2h3oolbq4xyotkdhw5/bin/gcc -c -O2 -fPIC -g -DSQLITE_OMIT_AUTOVACUUM  conftest.c >&5
configure:13107: $? = 0
configure:13107: result: yes
configure:13107: checking editline/readline.h presence
configure:13107: /home/dzpolia/src/spack/opt/spack/linux-rhel7-haswell/gcc-4.8.5/gcc-7.1.0-pjn52tzlzdprge2h3oolbq4xyotkdhw5/bin/gcc -E  conftest.c
configure:13107: $? = 0
configure:13107: result: yes
configure:13107: checking for editline/readline.h
configure:13107: result: yes
configure:13115: checking for library containing readline
configure:13146: /home/dzpolia/src/spack/opt/spack/linux-rhel7-haswell/gcc-4.8.5/gcc-7.1.0-pjn52tzlzdprge2h3oolbq4xyotkdhw5/bin/gcc -o conftest -O2 -fPIC -g -DSQLITE_OMIT_AUTOVACUUM   conftest.c  >&5
/home/dzpolia/src/spack/opt/spack/linux-rhel7-skylake_avx512/gcc-7.1.0/binutils-2.34-tyakqk6dwdx2nd5ybnmfpayrszna6yj5/bin/ld: /tmp/ccyFFHsi.o: in function `main':
/ascldap/users/dzpolia/src/kokkos-tools/tuning/labrador/sqlite3/conftest.c:41: undefined reference to `readline'
collect2: error: ld returned 1 exit status
configure:13146: $? = 1
configure: failed program was:
| /* confdefs.h */
| #define PACKAGE_NAME "sqlite"
| #define PACKAGE_TARNAME "sqlite"
| #define PACKAGE_VERSION "3.32.0"
| #define PACKAGE_STRING "sqlite 3.32.0"
| #define PACKAGE_BUGREPORT "http://www.sqlite.org"
| #define PACKAGE_URL ""
| #define PACKAGE "sqlite"
| #define VERSION "3.32.0"
| #define STDC_HEADERS 1
| #define HAVE_SYS_TYPES_H 1
| #define HAVE_SYS_STAT_H 1
| #define HAVE_STDLIB_H 1
| #define HAVE_STRING_H 1
| #define HAVE_MEMORY_H 1
| #define HAVE_STRINGS_H 1
| #define HAVE_INTTYPES_H 1
| #define HAVE_STDINT_H 1
| #define HAVE_UNISTD_H 1
| #define HAVE_DLFCN_H 1
| #define LT_OBJDIR ".libs/"
| #define HAVE_FDATASYNC 1
| #define HAVE_USLEEP 1
| #define HAVE_LOCALTIME_R 1
| #define HAVE_GMTIME_R 1
| #define HAVE_DECL_STRERROR_R 1
| #define HAVE_STRERROR_R 1
| #define HAVE_EDITLINE_READLINE_H 1
| /* end confdefs.h.  */
| 
| /* Override any GCC internal prototype to avoid an error.
|    Use char because int might match the return type of a GCC
|    builtin and then its argument prototype would still apply.  */
| #ifdef __cplusplus
| extern "C"
| #endif
| char readline ();
| int
| main ()
| {
| return readline ();
|   ;
|   return 0;
| }
configure:13146: /home/dzpolia/src/spack/opt/spack/linux-rhel7-haswell/gcc-4.8.5/gcc-7.1.0-pjn52tzlzdprge2h3oolbq4xyotkdhw5/bin/gcc -o conftest -O2 -fPIC -g -DSQLITE_OMIT_AUTOVACUUM   conftest.c -ledit -ltinfo  >&5
/home/dzpolia/src/spack/opt/spack/linux-rhel7-skylake_avx512/gcc-7.1.0/binutils-2.34-tyakqk6dwdx2nd5ybnmfpayrszna6yj5/bin/ld: warning: libtinfo.so.6, needed by /home/dzpolia/src/spack/opt/spack/linux-rhel7-skylake_avx512/gcc-7.1.0/libedit-3.1-20191231-viukhffs47pr4rspn7nf3qghdjw7btck/lib/libedit.so, may conflict with libtinfo.so.5
configure:13146: $? = 0
configure:13163: result: -ledit
configure:13340: checking for library containing pthread_create
configure:13371: /home/dzpolia/src/spack/opt/spack/linux-rhel7-haswell/gcc-4.8.5/gcc-7.1.0-pjn52tzlzdprge2h3oolbq4xyotkdhw5/bin/gcc -o conftest -O2 -fPIC -g -DSQLITE_OMIT_AUTOVACUUM   conftest.c  >&5
/home/dzpolia/src/spack/opt/spack/linux-rhel7-skylake_avx512/gcc-7.1.0/binutils-2.34-tyakqk6dwdx2nd5ybnmfpayrszna6yj5/bin/ld: /tmp/ccskIfCt.o: in function `main':
/ascldap/users/dzpolia/src/kokkos-tools/tuning/labrador/sqlite3/conftest.c:42: undefined reference to `pthread_create'
collect2: error: ld returned 1 exit status
configure:13371: $? = 1
configure: failed program was:
| /* confdefs.h */
| #define PACKAGE_NAME "sqlite"
| #define PACKAGE_TARNAME "sqlite"
| #define PACKAGE_VERSION "3.32.0"
| #define PACKAGE_STRING "sqlite 3.32.0"
| #define PACKAGE_BUGREPORT "http://www.sqlite.org"
| #define PACKAGE_URL ""
| #define PACKAGE "sqlite"
| #define VERSION "3.32.0"
| #define STDC_HEADERS 1
| #define HAVE_SYS_TYPES_H 1
| #define HAVE_SYS_STAT_H 1
| #define HAVE_STDLIB_H 1
| #define HAVE_STRING_H 1
| #define HAVE_MEMORY_H 1
| #define HAVE_STRINGS_H 1
| #define HAVE_INTTYPES_H 1
| #define HAVE_STDINT_H 1
| #define HAVE_UNISTD_H 1
| #define HAVE_DLFCN_H 1
| #define LT_OBJDIR ".libs/"
| #define HAVE_FDATASYNC 1
| #define HAVE_USLEEP 1
| #define HAVE_LOCALTIME_R 1
| #define HAVE_GMTIME_R 1
| #define HAVE_DECL_STRERROR_R 1
| #define HAVE_STRERROR_R 1
| #define HAVE_EDITLINE_READLINE_H 1
| #define HAVE_EDITLINE 1
| /* end confdefs.h.  */
| 
| /* Override any GCC internal prototype to avoid an error.
|    Use char because int might match the return type of a GCC
|    builtin and then its argument prototype would still apply.  */
| #ifdef __cplusplus
| extern "C"
| #endif
| char pthread_create ();
| int
| main ()
| {
| return pthread_create ();
|   ;
|   return 0;
| }
configure:13371: /home/dzpolia/src/spack/opt/spack/linux-rhel7-haswell/gcc-4.8.5/gcc-7.1.0-pjn52tzlzdprge2h3oolbq4xyotkdhw5/bin/gcc -o conftest -O2 -fPIC -g -DSQLITE_OMIT_AUTOVACUUM   conftest.c -lpthread   >&5
configure:13371: $? = 0
configure:13388: result: -lpthread
configure:13396: checking for library containing pthread_mutexattr_init
configure:13427: /home/dzpolia/src/spack/opt/spack/linux-rhel7-haswell/gcc-4.8.5/gcc-7.1.0-pjn52tzlzdprge2h3oolbq4xyotkdhw5/bin/gcc -o conftest -O2 -fPIC -g -DSQLITE_OMIT_AUTOVACUUM   conftest.c -lpthread  >&5
configure:13427: $? = 0
configure:13444: result: none required
configure:13466: checking for library containing dlopen
configure:13497: /home/dzpolia/src/spack/opt/spack/linux-rhel7-haswell/gcc-4.8.5/gcc-7.1.0-pjn52tzlzdprge2h3oolbq4xyotkdhw5/bin/gcc -o conftest -O2 -fPIC -g -DSQLITE_OMIT_AUTOVACUUM   conftest.c -lpthread  >&5
/home/dzpolia/src/spack/opt/spack/linux-rhel7-skylake_avx512/gcc-7.1.0/binutils-2.34-tyakqk6dwdx2nd5ybnmfpayrszna6yj5/bin/ld: /tmp/cccgXXML.o: in function `main':
/ascldap/users/dzpolia/src/kokkos-tools/tuning/labrador/sqlite3/conftest.c:42: undefined reference to `dlopen'
collect2: error: ld returned 1 exit status
configure:13497: $? = 1
configure: failed program was:
| /* confdefs.h */
| #define PACKAGE_NAME "sqlite"
| #define PACKAGE_TARNAME "sqlite"
| #define PACKAGE_VERSION "3.32.0"
| #define PACKAGE_STRING "sqlite 3.32.0"
| #define PACKAGE_BUGREPORT "http://www.sqlite.org"
| #define PACKAGE_URL ""
| #define PACKAGE "sqlite"
| #define VERSION "3.32.0"
| #define STDC_HEADERS 1
| #define HAVE_SYS_TYPES_H 1
| #define HAVE_SYS_STAT_H 1
| #define HAVE_STDLIB_H 1
| #define HAVE_STRING_H 1
| #define HAVE_MEMORY_H 1
| #define HAVE_STRINGS_H 1
| #define HAVE_INTTYPES_H 1
| #define HAVE_STDINT_H 1
| #define HAVE_UNISTD_H 1
| #define HAVE_DLFCN_H 1
| #define LT_OBJDIR ".libs/"
| #define HAVE_FDATASYNC 1
| #define HAVE_USLEEP 1
| #define HAVE_LOCALTIME_R 1
| #define HAVE_GMTIME_R 1
| #define HAVE_DECL_STRERROR_R 1
| #define HAVE_STRERROR_R 1
| #define HAVE_EDITLINE_READLINE_H 1
| #define HAVE_EDITLINE 1
| /* end confdefs.h.  */
| 
| /* Override any GCC internal prototype to avoid an error.
|    Use char because int might match the return type of a GCC
|    builtin and then its argument prototype would still apply.  */
| #ifdef __cplusplus
| extern "C"
| #endif
| char dlopen ();
| int
| main ()
| {
| return dlopen ();
|   ;
|   return 0;
| }
configure:13497: /home/dzpolia/src/spack/opt/spack/linux-rhel7-haswell/gcc-4.8.5/gcc-7.1.0-pjn52tzlzdprge2h3oolbq4xyotkdhw5/bin/gcc -o conftest -O2 -fPIC -g -DSQLITE_OMIT_AUTOVACUUM   conftest.c -ldl  -lpthread  >&5
configure:13497: $? = 0
configure:13514: result: -ldl
configure:13525: checking for whether to support dynamic extensions
configure:13527: result: yes
configure:13570: checking for library containing log
configure:13601: /home/dzpolia/src/spack/opt/spack/linux-rhel7-haswell/gcc-4.8.5/gcc-7.1.0-pjn52tzlzdprge2h3oolbq4xyotkdhw5/bin/gcc -o conftest -O2 -fPIC -g -DSQLITE_OMIT_AUTOVACUUM   conftest.c -ldl -lpthread  >&5
conftest.c:38:6: warning: conflicting types for built-in function 'log' [-Wbuiltin-declaration-mismatch]
 char log ();
      ^~~
/home/dzpolia/src/spack/opt/spack/linux-rhel7-skylake_avx512/gcc-7.1.0/binutils-2.34-tyakqk6dwdx2nd5ybnmfpayrszna6yj5/bin/ld: /tmp/ccmn6qqY.o: in function `main':
/ascldap/users/dzpolia/src/kokkos-tools/tuning/labrador/sqlite3/conftest.c:42: undefined reference to `log'
collect2: error: ld returned 1 exit status
configure:13601: $? = 1
configure: failed program was:
| /* confdefs.h */
| #define PACKAGE_NAME "sqlite"
| #define PACKAGE_TARNAME "sqlite"
| #define PACKAGE_VERSION "3.32.0"
| #define PACKAGE_STRING "sqlite 3.32.0"
| #define PACKAGE_BUGREPORT "http://www.sqlite.org"
| #define PACKAGE_URL ""
| #define PACKAGE "sqlite"
| #define VERSION "3.32.0"
| #define STDC_HEADERS 1
| #define HAVE_SYS_TYPES_H 1
| #define HAVE_SYS_STAT_H 1
| #define HAVE_STDLIB_H 1
| #define HAVE_STRING_H 1
| #define HAVE_MEMORY_H 1
| #define HAVE_STRINGS_H 1
| #define HAVE_INTTYPES_H 1
| #define HAVE_STDINT_H 1
| #define HAVE_UNISTD_H 1
| #define HAVE_DLFCN_H 1
| #define LT_OBJDIR ".libs/"
| #define HAVE_FDATASYNC 1
| #define HAVE_USLEEP 1
| #define HAVE_LOCALTIME_R 1
| #define HAVE_GMTIME_R 1
| #define HAVE_DECL_STRERROR_R 1
| #define HAVE_STRERROR_R 1
| #define HAVE_EDITLINE_READLINE_H 1
| #define HAVE_EDITLINE 1
| /* end confdefs.h.  */
| 
| /* Override any GCC internal prototype to avoid an error.
|    Use char because int might match the return type of a GCC
|    builtin and then its argument prototype would still apply.  */
| #ifdef __cplusplus
| extern "C"
| #endif
| char log ();
| int
| main ()
| {
| return log ();
|   ;
|   return 0;
| }
configure:13601: /home/dzpolia/src/spack/opt/spack/linux-rhel7-haswell/gcc-4.8.5/gcc-7.1.0-pjn52tzlzdprge2h3oolbq4xyotkdhw5/bin/gcc -o conftest -O2 -fPIC -g -DSQLITE_OMIT_AUTOVACUUM   conftest.c -lm  -ldl -lpthread  >&5
conftest.c:38:6: warning: conflicting types for built-in function 'log' [-Wbuiltin-declaration-mismatch]
 char log ();
      ^~~
configure:13601: $? = 0
configure:13618: result: -lm
configure:13707: checking for posix_fallocate
configure:13707: /home/dzpolia/src/spack/opt/spack/linux-rhel7-haswell/gcc-4.8.5/gcc-7.1.0-pjn52tzlzdprge2h3oolbq4xyotkdhw5/bin/gcc -o conftest -O2 -fPIC -g -DSQLITE_OMIT_AUTOVACUUM   conftest.c -lm -ldl -lpthread  >&5
configure:13707: $? = 0
configure:13707: result: yes
configure:13718: checking zlib.h usability
configure:13718: /home/dzpolia/src/spack/opt/spack/linux-rhel7-haswell/gcc-4.8.5/gcc-7.1.0-pjn52tzlzdprge2h3oolbq4xyotkdhw5/bin/gcc -c -O2 -fPIC -g -DSQLITE_OMIT_AUTOVACUUM  conftest.c >&5
configure:13718: $? = 0
configure:13718: result: yes
configure:13718: checking zlib.h presence
configure:13718: /home/dzpolia/src/spack/opt/spack/linux-rhel7-haswell/gcc-4.8.5/gcc-7.1.0-pjn52tzlzdprge2h3oolbq4xyotkdhw5/bin/gcc -E  conftest.c
configure:13718: $? = 0
configure:13718: result: yes
configure:13718: checking for zlib.h
configure:13718: result: yes
configure:13724: checking for library containing deflate
configure:13755: /home/dzpolia/src/spack/opt/spack/linux-rhel7-haswell/gcc-4.8.5/gcc-7.1.0-pjn52tzlzdprge2h3oolbq4xyotkdhw5/bin/gcc -o conftest -O2 -fPIC -g -DSQLITE_OMIT_AUTOVACUUM   conftest.c -lm -ldl -lpthread  >&5
/home/dzpolia/src/spack/opt/spack/linux-rhel7-skylake_avx512/gcc-7.1.0/binutils-2.34-tyakqk6dwdx2nd5ybnmfpayrszna6yj5/bin/ld: /tmp/cc1OUv8h.o: in function `main':
/ascldap/users/dzpolia/src/kokkos-tools/tuning/labrador/sqlite3/conftest.c:44: undefined reference to `deflate'
collect2: error: ld returned 1 exit status
configure:13755: $? = 1
configure: failed program was:
| /* confdefs.h */
| #define PACKAGE_NAME "sqlite"
| #define PACKAGE_TARNAME "sqlite"
| #define PACKAGE_VERSION "3.32.0"
| #define PACKAGE_STRING "sqlite 3.32.0"
| #define PACKAGE_BUGREPORT "http://www.sqlite.org"
| #define PACKAGE_URL ""
| #define PACKAGE "sqlite"
| #define VERSION "3.32.0"
| #define STDC_HEADERS 1
| #define HAVE_SYS_TYPES_H 1
| #define HAVE_SYS_STAT_H 1
| #define HAVE_STDLIB_H 1
| #define HAVE_STRING_H 1
| #define HAVE_MEMORY_H 1
| #define HAVE_STRINGS_H 1
| #define HAVE_INTTYPES_H 1
| #define HAVE_STDINT_H 1
| #define HAVE_UNISTD_H 1
| #define HAVE_DLFCN_H 1
| #define LT_OBJDIR ".libs/"
| #define HAVE_FDATASYNC 1
| #define HAVE_USLEEP 1
| #define HAVE_LOCALTIME_R 1
| #define HAVE_GMTIME_R 1
| #define HAVE_DECL_STRERROR_R 1
| #define HAVE_STRERROR_R 1
| #define HAVE_EDITLINE_READLINE_H 1
| #define HAVE_EDITLINE 1
| #define HAVE_POSIX_FALLOCATE 1
| #define HAVE_ZLIB_H 1
| /* end confdefs.h.  */
| 
| /* Override any GCC internal prototype to avoid an error.
|    Use char because int might match the return type of a GCC
|    builtin and then its argument prototype would still apply.  */
| #ifdef __cplusplus
| extern "C"
| #endif
| char deflate ();
| int
| main ()
| {
| return deflate ();
|   ;
|   return 0;
| }
configure:13755: /home/dzpolia/src/spack/opt/spack/linux-rhel7-haswell/gcc-4.8.5/gcc-7.1.0-pjn52tzlzdprge2h3oolbq4xyotkdhw5/bin/gcc -o conftest -O2 -fPIC -g -DSQLITE_OMIT_AUTOVACUUM   conftest.c -lz  -lm -ldl -lpthread  >&5
configure:13755: $? = 0
configure:13772: result: -lz
configure:13786: checking for library containing system
configure:13817: /home/dzpolia/src/spack/opt/spack/linux-rhel7-haswell/gcc-4.8.5/gcc-7.1.0-pjn52tzlzdprge2h3oolbq4xyotkdhw5/bin/gcc -o conftest -O2 -fPIC -g -DSQLITE_OMIT_AUTOVACUUM   conftest.c -lz -lm -ldl -lpthread  >&5
configure:13817: $? = 0
configure:13834: result: none required
configure:14016: checking that generated files are newer than configure
configure:14022: result: done
configure:14049: creating ./config.status

## ---------------------- ##
## Running config.status. ##
## ---------------------- ##

This file was extended by sqlite config.status 3.32.0, which was
generated by GNU Autoconf 2.69.  Invocation command line was

  CONFIG_FILES    = 
  CONFIG_HEADERS  = 
  CONFIG_LINKS    = 
  CONFIG_COMMANDS = 
  $ ./config.status 

on kokkos-dev-2

config.status:1014: creating Makefile
config.status:1014: creating sqlite3.pc
config.status:1186: executing depfiles commands
config.status:1186: executing libtool commands

## ---------------- ##
## Cache variables. ##
## ---------------- ##

ac_cv_build=x86_64-pc-linux-gnu
ac_cv_c_compiler_gnu=yes
ac_cv_env_CC_set=set
ac_cv_env_CC_value=/home/dzpolia/src/spack/opt/spack/linux-rhel7-haswell/gcc-4.8.5/gcc-7.1.0-pjn52tzlzdprge2h3oolbq4xyotkdhw5/bin/gcc
ac_cv_env_CFLAGS_set=set
ac_cv_env_CFLAGS_value='-O2 -fPIC -g -DSQLITE_OMIT_AUTOVACUUM'
ac_cv_env_CPPFLAGS_set=
ac_cv_env_CPPFLAGS_value=
ac_cv_env_CPP_set=
ac_cv_env_CPP_value=
ac_cv_env_LDFLAGS_set=
ac_cv_env_LDFLAGS_value=
ac_cv_env_LIBS_set=
ac_cv_env_LIBS_value=
ac_cv_env_LT_SYS_LIBRARY_PATH_set=
ac_cv_env_LT_SYS_LIBRARY_PATH_value=
ac_cv_env_build_alias_set=
ac_cv_env_build_alias_value=
ac_cv_env_host_alias_set=
ac_cv_env_host_alias_value=
ac_cv_env_target_alias_set=
ac_cv_env_target_alias_value=
ac_cv_func_fdatasync=yes
ac_cv_func_fullfsync=no
ac_cv_func_gmtime_r=yes
ac_cv_func_localtime_r=yes
ac_cv_func_posix_fallocate=yes
ac_cv_func_strerror_r=yes
ac_cv_func_strerror_r_char_p=no
ac_cv_func_usleep=yes
ac_cv_have_decl_strerror_r=yes
ac_cv_header_dlfcn_h=yes
ac_cv_header_editline_readline_h=yes
ac_cv_header_inttypes_h=yes
ac_cv_header_memory_h=yes
ac_cv_header_stdc=yes
ac_cv_header_stdint_h=yes
ac_cv_header_stdlib_h=yes
ac_cv_header_string_h=yes
ac_cv_header_strings_h=yes
ac_cv_header_sys_stat_h=yes
ac_cv_header_sys_types_h=yes
ac_cv_header_unistd_h=yes
ac_cv_header_zlib_h=yes
ac_cv_host=x86_64-pc-linux-gnu
ac_cv_objext=o
ac_cv_path_EGREP='/usr/bin/grep -E'
ac_cv_path_FGREP='/usr/bin/grep -F'
ac_cv_path_GREP=/usr/bin/grep
ac_cv_path_SED=/usr/bin/sed
ac_cv_path_install='/usr/bin/install -c'
ac_cv_path_lt_DD=/usr/bin/dd
ac_cv_path_mkdir=/usr/bin/mkdir
ac_cv_prog_AWK=gawk
ac_cv_prog_CPP='/home/dzpolia/src/spack/opt/spack/linux-rhel7-haswell/gcc-4.8.5/gcc-7.1.0-pjn52tzlzdprge2h3oolbq4xyotkdhw5/bin/gcc -E'
ac_cv_prog_ac_ct_AR=ar
ac_cv_prog_ac_ct_CC=/home/dzpolia/src/spack/opt/spack/linux-rhel7-haswell/gcc-4.8.5/gcc-7.1.0-pjn52tzlzdprge2h3oolbq4xyotkdhw5/bin/gcc
ac_cv_prog_ac_ct_DLLTOOL=dlltool
ac_cv_prog_ac_ct_MANIFEST_TOOL=mt
ac_cv_prog_ac_ct_OBJDUMP=objdump
ac_cv_prog_ac_ct_RANLIB=ranlib
ac_cv_prog_ac_ct_STRIP=strip
ac_cv_prog_cc_c89=
ac_cv_prog_cc_g=yes
ac_cv_prog_make_make_set=yes
ac_cv_search_deflate=-lz
ac_cv_search_dlopen=-ldl
ac_cv_search_log=-lm
ac_cv_search_pthread_create=-lpthread
ac_cv_search_pthread_mutexattr_init='none required'
ac_cv_search_system='none required'
ac_cv_sys_file_offset_bits=no
ac_cv_sys_largefile_CC=no
am_cv_CC_dependencies_compiler_type=gcc3
am_cv_make_support_nested_variables=yes
am_cv_prog_cc_c_o=yes
lt_cv_ar_at_file=@
lt_cv_archive_cmds_need_lc=no
lt_cv_deplibs_check_method=pass_all
lt_cv_file_magic_cmd='$MAGIC_CMD'
lt_cv_file_magic_test_file=
lt_cv_ld_reload_flag=-r
lt_cv_nm_interface='BSD nm'
lt_cv_objdir=.libs
lt_cv_path_LD=/home/dzpolia/src/spack/opt/spack/linux-rhel7-skylake_avx512/gcc-7.1.0/binutils-2.34-tyakqk6dwdx2nd5ybnmfpayrszna6yj5/bin/ld
lt_cv_path_NM='/home/dzpolia/src/spack/opt/spack/linux-rhel7-skylake_avx512/gcc-7.1.0/binutils-2.34-tyakqk6dwdx2nd5ybnmfpayrszna6yj5/bin/nm -B'
lt_cv_path_mainfest_tool=no
lt_cv_prog_compiler_c_o=yes
lt_cv_prog_compiler_pic='-fPIC -DPIC'
lt_cv_prog_compiler_pic_works=yes
lt_cv_prog_compiler_rtti_exceptions=no
lt_cv_prog_compiler_static_works=no
lt_cv_prog_gnu_ld=yes
lt_cv_sharedlib_from_linklib_cmd='printf %s\n'
lt_cv_shlibpath_overrides_runpath=no
lt_cv_sys_global_symbol_pipe='sed -n -e '\''s/^.*[	 ]\([ABCDGIRSTW][ABCDGIRSTW]*\)[	 ][	 ]*\([_A-Za-z][_A-Za-z0-9]*\)$/\1 \2 \2/p'\'' | sed '\''/ __gnu_lto/d'\'''
lt_cv_sys_global_symbol_to_c_name_address='sed -n -e '\''s/^: \(.*\) .*$/  {"\1", (void *) 0},/p'\'' -e '\''s/^[ABCDGIRSTW][ABCDGIRSTW]* .* \(.*\)$/  {"\1", (void *) \&\1},/p'\'''
lt_cv_sys_global_symbol_to_c_name_address_lib_prefix='sed -n -e '\''s/^: \(.*\) .*$/  {"\1", (void *) 0},/p'\'' -e '\''s/^[ABCDGIRSTW][ABCDGIRSTW]* .* \(lib.*\)$/  {"\1", (void *) \&\1},/p'\'' -e '\''s/^[ABCDGIRSTW][ABCDGIRSTW]* .* \(.*\)$/  {"lib\1", (void *) \&\1},/p'\'''
lt_cv_sys_global_symbol_to_cdecl='sed -n -e '\''s/^T .* \(.*\)$/extern int \1();/p'\'' -e '\''s/^[ABCDGIRSTW][ABCDGIRSTW]* .* \(.*\)$/extern char \1;/p'\'''
lt_cv_sys_global_symbol_to_import=
lt_cv_sys_max_cmd_len=1572864
lt_cv_to_host_file_cmd=func_convert_file_noop
lt_cv_to_tool_file_cmd=func_convert_file_noop
lt_cv_truncate_bin='/usr/bin/dd bs=4096 count=1'

## ----------------- ##
## Output variables. ##
## ----------------- ##

ACLOCAL='${SHELL} /ascldap/users/dzpolia/src/kokkos-tools/tuning/labrador/sqlite3/missing aclocal-1.15'
AMDEPBACKSLASH='\'
AMDEP_FALSE='#'
AMDEP_TRUE=''
AMTAR='$${TAR-tar}'
AM_BACKSLASH='\'
AM_DEFAULT_V='$(AM_DEFAULT_VERBOSITY)'
AM_DEFAULT_VERBOSITY='1'
AM_V='$(V)'
AR='ar'
AUTOCONF='${SHELL} /ascldap/users/dzpolia/src/kokkos-tools/tuning/labrador/sqlite3/missing autoconf'
AUTOHEADER='${SHELL} /ascldap/users/dzpolia/src/kokkos-tools/tuning/labrador/sqlite3/missing autoheader'
AUTOMAKE='${SHELL} /ascldap/users/dzpolia/src/kokkos-tools/tuning/labrador/sqlite3/missing automake-1.15'
AWK='gawk'
BUILD_CFLAGS=' -D_REENTRANT=1 -DSQLITE_THREADSAFE=1 -DSQLITE_ENABLE_FTS4 -DSQLITE_ENABLE_FTS5 -DSQLITE_ENABLE_JSON1 -DSQLITE_ENABLE_RTREE -DSQLITE_ENABLE_GEOPOLY -DSQLITE_HAVE_ZLIB'
CC='/home/dzpolia/src/spack/opt/spack/linux-rhel7-haswell/gcc-4.8.5/gcc-7.1.0-pjn52tzlzdprge2h3oolbq4xyotkdhw5/bin/gcc'
CCDEPMODE='depmode=gcc3'
CFLAGS='-O2 -fPIC -g -DSQLITE_OMIT_AUTOVACUUM'
CPP='/home/dzpolia/src/spack/opt/spack/linux-rhel7-haswell/gcc-4.8.5/gcc-7.1.0-pjn52tzlzdprge2h3oolbq4xyotkdhw5/bin/gcc -E'
CPPFLAGS=''
CYGPATH_W='echo'
DEFS='-DPACKAGE_NAME=\"sqlite\" -DPACKAGE_TARNAME=\"sqlite\" -DPACKAGE_VERSION=\"3.32.0\" -DPACKAGE_STRING=\"sqlite\ 3.32.0\" -DPACKAGE_BUGREPORT=\"http://www.sqlite.org\" -DPACKAGE_URL=\"\" -DPACKAGE=\"sqlite\" -DVERSION=\"3.32.0\" -DSTDC_HEADERS=1 -DHAVE_SYS_TYPES_H=1 -DHAVE_SYS_STAT_H=1 -DHAVE_STDLIB_H=1 -DHAVE_STRING_H=1 -DHAVE_MEMORY_H=1 -DHAVE_STRINGS_H=1 -DHAVE_INTTYPES_H=1 -DHAVE_STDINT_H=1 -DHAVE_UNISTD_H=1 -DHAVE_DLFCN_H=1 -DLT_OBJDIR=\".libs/\" -DHAVE_FDATASYNC=1 -DHAVE_USLEEP=1 -DHAVE_LOCALTIME_R=1 -DHAVE_GMTIME_R=1 -DHAVE_DECL_STRERROR_R=1 -DHAVE_STRERROR_R=1 -DHAVE_EDITLINE_READLINE_H=1 -DHAVE_EDITLINE=1 -DHAVE_POSIX_FALLOCATE=1 -DHAVE_ZLIB_H=1'
DEPDIR='.deps'
DLLTOOL='dlltool'
DSYMUTIL=''
DUMPBIN=''
ECHO_C=''
ECHO_N='-n'
ECHO_T=''
EGREP='/usr/bin/grep -E'
EXEEXT=''
EXTRA_SHELL_OBJ='sqlite3-sqlite3.o'
FGREP='/usr/bin/grep -F'
GREP='/usr/bin/grep'
INSTALL_DATA='${INSTALL} -m 644'
INSTALL_PROGRAM='${INSTALL}'
INSTALL_SCRIPT='${INSTALL}'
INSTALL_STRIP_PROGRAM='$(install_sh) -c -s'
LD='/home/dzpolia/src/spack/opt/spack/linux-rhel7-skylake_avx512/gcc-7.1.0/binutils-2.34-tyakqk6dwdx2nd5ybnmfpayrszna6yj5/bin/ld -m elf_x86_64'
LDFLAGS=''
LIBOBJS=''
LIBS='-lz -lm -ldl -lpthread '
LIBTOOL='$(SHELL) $(top_builddir)/libtool'
LIPO=''
LN_S='ln -s'
LTLIBOBJS=''
LT_SYS_LIBRARY_PATH=''
MAKEINFO='${SHELL} /ascldap/users/dzpolia/src/kokkos-tools/tuning/labrador/sqlite3/missing makeinfo'
MANIFEST_TOOL=':'
MKDIR_P='/usr/bin/mkdir -p'
NM='/home/dzpolia/src/spack/opt/spack/linux-rhel7-skylake_avx512/gcc-7.1.0/binutils-2.34-tyakqk6dwdx2nd5ybnmfpayrszna6yj5/bin/nm -B'
NMEDIT=''
OBJDUMP='objdump'
OBJEXT='o'
OTOOL64=''
OTOOL=''
PACKAGE='sqlite'
PACKAGE_BUGREPORT='http://www.sqlite.org'
PACKAGE_NAME='sqlite'
PACKAGE_STRING='sqlite 3.32.0'
PACKAGE_TARNAME='sqlite'
PACKAGE_URL=''
PACKAGE_VERSION='3.32.0'
PATH_SEPARATOR=':'
RANLIB='ranlib'
READLINE_LIBS='-ledit  -ltinfo'
SED='/usr/bin/sed'
SET_MAKE=''
SHELL='/bin/sh'
SHELL_CFLAGS=''
STRIP='strip'
VERSION='3.32.0'
ac_ct_AR='ar'
ac_ct_CC='/home/dzpolia/src/spack/opt/spack/linux-rhel7-haswell/gcc-4.8.5/gcc-7.1.0-pjn52tzlzdprge2h3oolbq4xyotkdhw5/bin/gcc'
ac_ct_DUMPBIN=''
am__EXEEXT_FALSE=''
am__EXEEXT_TRUE='#'
am__fastdepCC_FALSE='#'
am__fastdepCC_TRUE=''
am__include='include'
am__isrc=''
am__leading_dot='.'
am__nodep='_no'
am__quote=''
am__tar='$${TAR-tar} chof - "$$tardir"'
am__untar='$${TAR-tar} xf -'
bindir='${exec_prefix}/bin'
build='x86_64-pc-linux-gnu'
build_alias=''
build_cpu='x86_64'
build_os='linux-gnu'
build_vendor='pc'
datadir='${datarootdir}'
datarootdir='${prefix}/share'
docdir='${datarootdir}/doc/${PACKAGE_TARNAME}'
dvidir='${docdir}'
exec_prefix='${prefix}'
host='x86_64-pc-linux-gnu'
host_alias=''
host_cpu='x86_64'
host_os='linux-gnu'
host_vendor='pc'
htmldir='${docdir}'
includedir='${prefix}/include'
infodir='${datarootdir}/info'
install_sh='${SHELL} /ascldap/users/dzpolia/src/kokkos-tools/tuning/labrador/sqlite3/install-sh'
libdir='${exec_prefix}/lib'
libexecdir='${exec_prefix}/libexec'
localedir='${datarootdir}/locale'
localstatedir='${prefix}/var'
mandir='${datarootdir}/man'
mkdir_p='$(MKDIR_P)'
oldincludedir='/usr/include'
pdfdir='${docdir}'
prefix='/usr/local'
program_transform_name='s,x,x,'
psdir='${docdir}'
runstatedir='${localstatedir}/run'
sbindir='${exec_prefix}/sbin'
sharedstatedir='${prefix}/com'
sysconfdir='${prefix}/etc'
target_alias=''

## ----------- ##
## confdefs.h. ##
## ----------- ##

/* confdefs.h */
#define PACKAGE_NAME "sqlite"
#define PACKAGE_TARNAME "sqlite"
#define PACKAGE_VERSION "3.32.0"
#define PACKAGE_STRING "sqlite 3.32.0"
#define PACKAGE_BUGREPORT "http://www.sqlite.org"
#define PACKAGE_URL ""
#define PACKAGE "sqlite"
#define VERSION "3.32.0"
#define STDC_HEADERS 1
#define HAVE_SYS_TYPES_H 1
#define HAVE_SYS_STAT_H 1
#define HAVE_STDLIB_H 1
#define HAVE_STRING_H 1
#define HAVE_MEMORY_H 1
#define HAVE_STRINGS_H 1
#define HAVE_INTTYPES_H 1
#define HAVE_STDINT_H 1
#define HAVE_UNISTD_H 1
#define HAVE_DLFCN_H 1
#define LT_OBJDIR ".libs/"
#define HAVE_FDATASYNC 1
#define HAVE_USLEEP 1
#define HAVE_LOCALTIME_R 1
#define HAVE_GMTIME_R 1
#define HAVE_DECL_STRERROR_R 1
#define HAVE_STRERROR_R 1
#define HAVE_EDITLINE_READLINE_H 1
#define HAVE_EDITLINE 1
#define HAVE_POSIX_FALLOCATE 1
#define HAVE_ZLIB_H 1

configure: exit 0
